  pch.cpp
  big_angle_radar.cpp
f:\big_angle_radar_trace\big_angle_radar\big_angle_radar\database.h(14): warning C4138: 在注释外找到“*/”
  database.cpp
f:\big_angle_radar_trace\big_angle_radar\big_angle_radar\database.h(14): warning C4138: 在注释外找到“*/”
  Data_Client.cpp
f:\big_angle_radar_trace\big_angle_radar\big_angle_radar\data_client.cpp(11): warning C4996: 'inet_addr': Use inet_pton() or InetPton() instead or define _WINSOCK_DEPRECATED_NO_WARNINGS to disable deprecated API warnings
  c:\program files (x86)\windows kits\10\include\10.0.17134.0\um\winsock2.h(1830): note: 参见“inet_addr”的声明
f:\big_angle_radar_trace\big_angle_radar\big_angle_radar\data_client.cpp(14): warning C4996: 'inet_ntoa': Use inet_ntop() or InetNtop() instead or define _WINSOCK_DEPRECATED_NO_WARNINGS to disable deprecated API warnings
  c:\program files (x86)\windows kits\10\include\10.0.17134.0\um\winsock2.h(1848): note: 参见“inet_ntoa”的声明
f:\big_angle_radar_trace\big_angle_radar\big_angle_radar\data_client.cpp(18): warning C4996: 'inet_ntoa': Use inet_ntop() or InetNtop() instead or define _WINSOCK_DEPRECATED_NO_WARNINGS to disable deprecated API warnings
  c:\program files (x86)\windows kits\10\include\10.0.17134.0\um\winsock2.h(1848): note: 参见“inet_ntoa”的声明
  Data_Transmission.cpp
f:\big_angle_radar_trace\big_angle_radar\big_angle_radar\database.h(14): warning C4138: 在注释外找到“*/”
f:\big_angle_radar_trace\big_angle_radar\big_angle_radar\data_transmission.cpp(15): warning C4996: 'inet_ntoa': Use inet_ntop() or InetNtop() instead or define _WINSOCK_DEPRECATED_NO_WARNINGS to disable deprecated API warnings
  c:\program files (x86)\windows kits\10\include\10.0.17134.0\um\winsock2.h(1848): note: 参见“inet_ntoa”的声明
f:\big_angle_radar_trace\big_angle_radar\big_angle_radar\data_transmission.cpp(30): warning C4996: 'inet_ntoa': Use inet_ntop() or InetNtop() instead or define _WINSOCK_DEPRECATED_NO_WARNINGS to disable deprecated API warnings
  c:\program files (x86)\windows kits\10\include\10.0.17134.0\um\winsock2.h(1848): note: 参见“inet_ntoa”的声明
  parse_sql.cpp
  SQL_FILE.cpp
  sqlite3.c
  正在生成代码
  All 2256 functions were compiled because no usable IPDB/IOBJ from previous compilation was found.
  已完成代码的生成
  big_angle_radar.vcxproj -> F:\Big_Angle_Radar_Trace\big_angle_radar\x64\Release\big_angle_radar.exe
